# JRE version: OpenJDK Runtime Environment Temurin-21.0.9+10 (21.0.9+10) (build 21.0.9+10-LTS)
# Java VM: OpenJDK 64-Bit Server VM Temurin-21.0.9+10 (21.0.9+10-LTS, mixed mode, sharing, tiered, compressed oops, compressed class ptrs, parallel gc, windows-amd64)
GC Precious Log:
 CardTable entry size: 512
 CPUs: 20 total, 20 available
 Memory: 7877M
 Large Page Support: Disabled
 NUMA Support: Disabled
 Compressed Oops: Enabled (32-bit)
 Alignments: Space 512K, Generation 512K, Heap 2M
 Heap Min Capacity: 100M
 Heap Initial Capacity: 100M
 Heap Max Capacity: 2G
 Pre-touch: Disabled
 Parallel Workers: 15
Heap:
 PSYoungGen      total 14848K, used 5093K [0x00000000d5580000, 0x00000000d6800000, 0x0000000100000000)
  eden space 14336K, 31% used [0x00000000d5580000,0x00000000d59f9488,0x00000000d6380000)
  from space 512K, 100% used [0x00000000d6580000,0x00000000d6600000,0x00000000d6600000)
  to   space 2048K, 0% used [0x00000000d6380000,0x00000000d6380000,0x00000000d6580000)
 ParOldGen       total 75264K, used 74897K [0x0000000080000000, 0x0000000084980000, 0x00000000d5580000)
  object space 75264K, 99% used [0x0000000080000000,0x0000000084924460,0x0000000084980000)
 Metaspace       used 65094K, committed 66560K, reserved 1114112K
  class space    used 6830K, committed 7488K, reserved 1048576K
GC Heap History (20 events):
Event: 16.731 GC heap before
{Heap before GC invocations=80 (full 3):
 PSYoungGen      total 15360K, used 15328K [0x00000000d5580000, 0x00000000d6700000, 0x0000000100000000)
  eden space 14848K, 100% used [0x00000000d5580000,0x00000000d6400000,0x00000000d6400000)
  from space 512K, 93% used [0x00000000d6680000,0x00000000d66f8000,0x00000000d6700000)
  to   space 1024K, 0% used [0x00000000d6500000,0x00000000d6500000,0x00000000d6600000)
 ParOldGen       total 69120K, used 68946K [0x0000000080000000, 0x0000000084380000, 0x00000000d5580000)
  object space 69120K, 99% used [0x0000000080000000,0x0000000084354940,0x0000000084380000)
 Metaspace       used 64440K, committed 65920K, reserved 1114112K
  class space    used 6769K, committed 7488K, reserved 1048576K
}
Event: 16.733 GC heap after
{Heap after GC invocations=80 (full 3):
 PSYoungGen      total 15872K, used 480K [0x00000000d5580000, 0x00000000d6700000, 0x0000000100000000)
  eden space 14848K, 0% used [0x00000000d5580000,0x00000000d5580000,0x00000000d6400000)
  from space 1024K, 46% used [0x00000000d6500000,0x00000000d6578000,0x00000000d6600000)
  to   space 512K, 0% used [0x00000000d6680000,0x00000000d6680000,0x00000000d6700000)
 ParOldGen       total 69632K, used 69282K [0x0000000080000000, 0x0000000084400000, 0x00000000d5580000)
  object space 69632K, 99% used [0x0000000080000000,0x00000000843a8940,0x0000000084400000)
 Metaspace       used 64440K, committed 65920K, reserved 1114112K
  class space    used 6769K, committed 7488K, reserved 1048576K
}
Event: 16.751 GC heap before
{Heap before GC invocations=81 (full 3):
 PSYoungGen      total 15872K, used 15327K [0x00000000d5580000, 0x00000000d6700000, 0x0000000100000000)
  eden space 14848K, 99% used [0x00000000d5580000,0x00000000d63fffd8,0x00000000d6400000)
  from space 1024K, 46% used [0x00000000d6500000,0x00000000d6578000,0x00000000d6600000)
  to   space 512K, 0% used [0x00000000d6680000,0x00000000d6680000,0x00000000d6700000)
 ParOldGen       total 69632K, used 69282K [0x0000000080000000, 0x0000000084400000, 0x00000000d5580000)
  object space 69632K, 99% used [0x0000000080000000,0x00000000843a8940,0x0000000084400000)
 Metaspace       used 64445K, committed 65984K, reserved 1114112K
  class space    used 6769K, committed 7488K, reserved 1048576K
}
Event: 16.753 GC heap after
{Heap after GC invocations=81 (full 3):
 PSYoungGen      total 15360K, used 512K [0x00000000d5580000, 0x00000000d6700000, 0x0000000100000000)
  eden space 14848K, 0% used [0x00000000d5580000,0x00000000d5580000,0x00000000d6400000)
  from space 512K, 100% used [0x00000000d6680000,0x00000000d6700000,0x00000000d6700000)
  to   space 1536K, 0% used [0x00000000d6400000,0x00000000d6400000,0x00000000d6580000)
 ParOldGen       total 70144K, used 70057K [0x0000000080000000, 0x0000000084480000, 0x00000000d5580000)
  object space 70144K, 99% used [0x0000000080000000,0x000000008446a548,0x0000000084480000)
 Metaspace       used 64445K, committed 65984K, reserved 1114112K
  class space    used 6769K, committed 7488K, reserved 1048576K
}
Event: 16.774 GC heap before
{Heap before GC invocations=82 (full 3):
 PSYoungGen      total 15360K, used 15360K [0x00000000d5580000, 0x00000000d6700000, 0x0000000100000000)
  eden space 14848K, 100% used [0x00000000d5580000,0x00000000d6400000,0x00000000d6400000)
  from space 512K, 100% used [0x00000000d6680000,0x00000000d6700000,0x00000000d6700000)
  to   space 1536K, 0% used [0x00000000d6400000,0x00000000d6400000,0x00000000d6580000)
 ParOldGen       total 70144K, used 70057K [0x0000000080000000, 0x0000000084480000, 0x00000000d5580000)
  object space 70144K, 99% used [0x0000000080000000,0x000000008446a548,0x0000000084480000)
 Metaspace       used 64446K, committed 65984K, reserved 1114112K
  class space    used 6769K, committed 7488K, reserved 1048576K
}
Event: 16.776 GC heap after
{Heap after GC invocations=82 (full 3):
 PSYoungGen      total 16384K, used 593K [0x00000000d5580000, 0x00000000d6700000, 0x0000000100000000)
  eden space 14848K, 0% used [0x00000000d5580000,0x00000000d5580000,0x00000000d6400000)
  from space 1536K, 38% used [0x00000000d6400000,0x00000000d6494400,0x00000000d6580000)
  to   space 1024K, 0% used [0x00000000d6600000,0x00000000d6600000,0x00000000d6700000)
 ParOldGen       total 70656K, used 70377K [0x0000000080000000, 0x0000000084500000, 0x00000000d5580000)
  object space 70656K, 99% used [0x0000000080000000,0x00000000844ba548,0x0000000084500000)
 Metaspace       used 64446K, committed 65984K, reserved 1114112K
  class space    used 6769K, committed 7488K, reserved 1048576K
}
Event: 16.796 GC heap before
{Heap before GC invocations=83 (full 3):
 PSYoungGen      total 16384K, used 15441K [0x00000000d5580000, 0x00000000d6700000, 0x0000000100000000)
  eden space 14848K, 100% used [0x00000000d5580000,0x00000000d6400000,0x00000000d6400000)
  from space 1536K, 38% used [0x00000000d6400000,0x00000000d6494400,0x00000000d6580000)
  to   space 1024K, 0% used [0x00000000d6600000,0x00000000d6600000,0x00000000d6700000)
 ParOldGen       total 70656K, used 70377K [0x0000000080000000, 0x0000000084500000, 0x00000000d5580000)
  object space 70656K, 99% used [0x0000000080000000,0x00000000844ba548,0x0000000084500000)
 Metaspace       used 64447K, committed 65984K, reserved 1114112K
  class space    used 6769K, committed 7488K, reserved 1048576K
}
Event: 16.797 GC heap after
{Heap after GC invocations=83 (full 3):
 PSYoungGen      total 15872K, used 576K [0x00000000d5580000, 0x00000000d6700000, 0x0000000100000000)
  eden space 14848K, 0% used [0x00000000d5580000,0x00000000d5580000,0x00000000d6400000)
  from space 1024K, 56% used [0x00000000d6600000,0x00000000d6690000,0x00000000d6700000)
  to   space 1024K, 0% used [0x00000000d6500000,0x00000000d6500000,0x00000000d6600000)
 ParOldGen       total 71168K, used 70818K [0x0000000080000000, 0x0000000084580000, 0x00000000d5580000)
  object space 71168K, 99% used [0x0000000080000000,0x0000000084528948,0x0000000084580000)
 Metaspace       used 64447K, committed 65984K, reserved 1114112K
  class space    used 6769K, committed 7488K, reserved 1048576K
}
Event: 16.820 GC heap before
{Heap before GC invocations=84 (full 3):
 PSYoungGen      total 15872K, used 15424K [0x00000000d5580000, 0x00000000d6700000, 0x0000000100000000)
  eden space 14848K, 100% used [0x00000000d5580000,0x00000000d6400000,0x00000000d6400000)
  from space 1024K, 56% used [0x00000000d6600000,0x00000000d6690000,0x00000000d6700000)
  to   space 1024K, 0% used [0x00000000d6500000,0x00000000d6500000,0x00000000d6600000)
 ParOldGen       total 71168K, used 70818K [0x0000000080000000, 0x0000000084580000, 0x00000000d5580000)
  object space 71168K, 99% used [0x0000000080000000,0x0000000084528948,0x0000000084580000)
 Metaspace       used 64447K, committed 65984K, reserved 1114112K
  class space    used 6769K, committed 7488K, reserved 1048576K
}
Event: 16.822 GC heap after
{Heap after GC invocations=84 (full 3):
 PSYoungGen      total 15872K, used 655K [0x00000000d5580000, 0x00000000d6680000, 0x0000000100000000)
  eden space 14848K, 0% used [0x00000000d5580000,0x00000000d5580000,0x00000000d6400000)
  from space 1024K, 64% used [0x00000000d6500000,0x00000000d65a3fd0,0x00000000d6600000)
  to   space 512K, 0% used [0x00000000d6600000,0x00000000d6600000,0x00000000d6680000)
 ParOldGen       total 71680K, used 71218K [0x0000000080000000, 0x0000000084600000, 0x00000000d5580000)
  object space 71680K, 99% used [0x0000000080000000,0x000000008458c948,0x0000000084600000)
 Metaspace       used 64447K, committed 65984K, reserved 1114112K
  class space    used 6769K, committed 7488K, reserved 1048576K
}
Event: 16.843 GC heap before
{Heap before GC invocations=85 (full 3):
 PSYoungGen      total 15872K, used 15503K [0x00000000d5580000, 0x00000000d6680000, 0x0000000100000000)
  eden space 14848K, 100% used [0x00000000d5580000,0x00000000d6400000,0x00000000d6400000)
  from space 1024K, 64% used [0x00000000d6500000,0x00000000d65a3fd0,0x00000000d6600000)
  to   space 512K, 0% used [0x00000000d6600000,0x00000000d6600000,0x00000000d6680000)
 ParOldGen       total 71680K, used 71218K [0x0000000080000000, 0x0000000084600000, 0x00000000d5580000)
  object space 71680K, 99% used [0x0000000080000000,0x000000008458c948,0x0000000084600000)
 Metaspace       used 64447K, committed 65984K, reserved 1114112K
  class space    used 6769K, committed 7488K, reserved 1048576K
}
Event: 16.845 GC heap after
{Heap after GC invocations=85 (full 3):
 PSYoungGen      total 15360K, used 512K [0x00000000d5580000, 0x00000000d6700000, 0x0000000100000000)
  eden space 14848K, 0% used [0x00000000d5580000,0x00000000d5580000,0x00000000d6400000)
  from space 512K, 100% used [0x00000000d6600000,0x00000000d6680000,0x00000000d6680000)
  to   space 1536K, 0% used [0x00000000d6400000,0x00000000d6400000,0x00000000d6580000)
 ParOldGen       total 72192K, used 71703K [0x0000000080000000, 0x0000000084680000, 0x00000000d5580000)
  object space 72192K, 99% used [0x0000000080000000,0x0000000084605f50,0x0000000084680000)
 Metaspace       used 64447K, committed 65984K, reserved 1114112K
  class space    used 6769K, committed 7488K, reserved 1048576K
}
Event: 16.863 GC heap before
{Heap before GC invocations=86 (full 3):
 PSYoungGen      total 15360K, used 15360K [0x00000000d5580000, 0x00000000d6700000, 0x0000000100000000)
  eden space 14848K, 100% used [0x00000000d5580000,0x00000000d6400000,0x00000000d6400000)
  from space 512K, 100% used [0x00000000d6600000,0x00000000d6680000,0x00000000d6680000)
  to   space 1536K, 0% used [0x00000000d6400000,0x00000000d6400000,0x00000000d6580000)
 ParOldGen       total 72192K, used 71703K [0x0000000080000000, 0x0000000084680000, 0x00000000d5580000)
  object space 72192K, 99% used [0x0000000080000000,0x0000000084605f50,0x0000000084680000)
 Metaspace       used 64447K, committed 65984K, reserved 1114112K
  class space    used 6769K, committed 7488K, reserved 1048576K
}
Event: 16.864 GC heap after
{Heap after GC invocations=86 (full 3):
 PSYoungGen      total 16384K, used 576K [0x00000000d5580000, 0x00000000d6680000, 0x0000000100000000)
  eden space 14848K, 0% used [0x00000000d5580000,0x00000000d5580000,0x00000000d6400000)
  from space 1536K, 37% used [0x00000000d6400000,0x00000000d6490000,0x00000000d6580000)
  to   space 1024K, 0% used [0x00000000d6580000,0x00000000d6580000,0x00000000d6680000)
 ParOldGen       total 72192K, used 72055K [0x0000000080000000, 0x0000000084680000, 0x00000000d5580000)
  object space 72192K, 99% used [0x0000000080000000,0x000000008465df50,0x0000000084680000)
 Metaspace       used 64447K, committed 65984K, reserved 1114112K
  class space    used 6769K, committed 7488K, reserved 1048576K
}
Event: 16.891 GC heap before
{Heap before GC invocations=87 (full 3):
 PSYoungGen      total 16384K, used 15424K [0x00000000d5580000, 0x00000000d6680000, 0x0000000100000000)
  eden space 14848K, 100% used [0x00000000d5580000,0x00000000d6400000,0x00000000d6400000)
  from space 1536K, 37% used [0x00000000d6400000,0x00000000d6490000,0x00000000d6580000)
  to   space 1024K, 0% used [0x00000000d6580000,0x00000000d6580000,0x00000000d6680000)
 ParOldGen       total 72192K, used 72055K [0x0000000080000000, 0x0000000084680000, 0x00000000d5580000)
  object space 72192K, 99% used [0x0000000080000000,0x000000008465df50,0x0000000084680000)
 Metaspace       used 64452K, committed 65984K, reserved 1114112K
  class space    used 6769K, committed 7488K, reserved 1048576K
}
Event: 16.893 GC heap after
{Heap after GC invocations=87 (full 3):
 PSYoungGen      total 15872K, used 751K [0x00000000d5580000, 0x00000000d6680000, 0x0000000100000000)
  eden space 14848K, 0% used [0x00000000d5580000,0x00000000d5580000,0x00000000d6400000)
  from space 1024K, 73% used [0x00000000d6580000,0x00000000d663bcc8,0x00000000d6680000)
  to   space 1024K, 0% used [0x00000000d6480000,0x00000000d6480000,0x00000000d6580000)
 ParOldGen       total 72704K, used 72439K [0x0000000080000000, 0x0000000084700000, 0x00000000d5580000)
  object space 72704K, 99% used [0x0000000080000000,0x00000000846bdf50,0x0000000084700000)
 Metaspace       used 64452K, committed 65984K, reserved 1114112K
  class space    used 6769K, committed 7488K, reserved 1048576K
}
Event: 16.919 GC heap before
{Heap before GC invocations=88 (full 3):
 PSYoungGen      total 15872K, used 15599K [0x00000000d5580000, 0x00000000d6680000, 0x0000000100000000)
  eden space 14848K, 100% used [0x00000000d5580000,0x00000000d6400000,0x00000000d6400000)
  from space 1024K, 73% used [0x00000000d6580000,0x00000000d663bcc8,0x00000000d6680000)
  to   space 1024K, 0% used [0x00000000d6480000,0x00000000d6480000,0x00000000d6580000)
 ParOldGen       total 72704K, used 72439K [0x0000000080000000, 0x0000000084700000, 0x00000000d5580000)
  object space 72704K, 99% used [0x0000000080000000,0x00000000846bdf50,0x0000000084700000)
 Metaspace       used 64455K, committed 65984K, reserved 1114112K
  class space    used 6769K, committed 7488K, reserved 1048576K
}
Event: 16.922 GC heap after
{Heap after GC invocations=88 (full 3):
 PSYoungGen      total 15872K, used 544K [0x00000000d5580000, 0x00000000d6600000, 0x0000000100000000)
  eden space 14848K, 0% used [0x00000000d5580000,0x00000000d5580000,0x00000000d6400000)
  from space 1024K, 53% used [0x00000000d6480000,0x00000000d6508000,0x00000000d6580000)
  to   space 512K, 0% used [0x00000000d6580000,0x00000000d6580000,0x00000000d6600000)
 ParOldGen       total 74240K, used 73793K [0x0000000080000000, 0x0000000084880000, 0x00000000d5580000)
  object space 74240K, 99% used [0x0000000080000000,0x0000000084810430,0x0000000084880000)
 Metaspace       used 64455K, committed 65984K, reserved 1114112K
  class space    used 6769K, committed 7488K, reserved 1048576K
}
Event: 31.203 GC heap before
{Heap before GC invocations=89 (full 3):
 PSYoungGen      total 15872K, used 15392K [0x00000000d5580000, 0x00000000d6600000, 0x0000000100000000)
  eden space 14848K, 100% used [0x00000000d5580000,0x00000000d6400000,0x00000000d6400000)
  from space 1024K, 53% used [0x00000000d6480000,0x00000000d6508000,0x00000000d6580000)
  to   space 512K, 0% used [0x00000000d6580000,0x00000000d6580000,0x00000000d6600000)
 ParOldGen       total 74240K, used 73793K [0x0000000080000000, 0x0000000084880000, 0x00000000d5580000)
  object space 74240K, 99% used [0x0000000080000000,0x0000000084810430,0x0000000084880000)
 Metaspace       used 64721K, committed 66176K, reserved 1114112K
  class space    used 6802K, committed 7488K, reserved 1048576K
}
Event: 31.205 GC heap after
{Heap after GC invocations=89 (full 3):
 PSYoungGen      total 14848K, used 512K [0x00000000d5580000, 0x00000000d6800000, 0x0000000100000000)
  eden space 14336K, 0% used [0x00000000d5580000,0x00000000d5580000,0x00000000d6380000)
  from space 512K, 100% used [0x00000000d6580000,0x00000000d6600000,0x00000000d6600000)
  to   space 2048K, 0% used [0x00000000d6380000,0x00000000d6380000,0x00000000d6580000)
 ParOldGen       total 75264K, used 74897K [0x0000000080000000, 0x0000000084980000, 0x00000000d5580000)
  object space 75264K, 99% used [0x0000000080000000,0x0000000084924460,0x0000000084980000)
 Metaspace       used 64721K, committed 66176K, reserved 1114112K
  class space    used 6802K, committed 7488K, reserved 1048576K
}

